C:\SRC\QULOGICSYNTHESIS\DEBUG\QULOGICSYNTHESIS.EXE
C:\SRC\QULOGICSYNTHESIS\DEBUG\QULOGICSYNTHESIS.ILK
C:\SRC\QULOGICSYNTHESIS\DEBUG\QULOGICSYNTHESIS.PDB
C:\SRC\QULOGICSYNTHESIS\QULOGICSYNTHESIS\DEBUG\.NETFRAMEWORK,VERSION=V4.0.ASSEMBLYATTRIBUTES.OBJ
C:\SRC\QULOGICSYNTHESIS\QULOGICSYNTHESIS\DEBUG\APP.RES
C:\SRC\QULOGICSYNTHESIS\QULOGICSYNTHESIS\DEBUG\ASSEMBLYINFO.OBJ
C:\src\quLogicSynthesis\quLogicSynthesis\Debug\cl.command.1.tlog
C:\src\quLogicSynthesis\quLogicSynthesis\Debug\CL.read.1.tlog
C:\src\quLogicSynthesis\quLogicSynthesis\Debug\CL.write.1.tlog
C:\src\quLogicSynthesis\quLogicSynthesis\Debug\link.3632.read.1.tlog
C:\src\quLogicSynthesis\quLogicSynthesis\Debug\link.3632.write.1.tlog
C:\src\quLogicSynthesis\quLogicSynthesis\Debug\link.3632-cvtres.read.1.tlog
C:\src\quLogicSynthesis\quLogicSynthesis\Debug\link.3632-cvtres.write.1.tlog
C:\src\quLogicSynthesis\quLogicSynthesis\Debug\link.4956.read.1.tlog
C:\src\quLogicSynthesis\quLogicSynthesis\Debug\link.4956.write.1.tlog
C:\src\quLogicSynthesis\quLogicSynthesis\Debug\link.4956-cvtres.read.1.tlog
C:\src\quLogicSynthesis\quLogicSynthesis\Debug\link.4956-cvtres.write.1.tlog
C:\src\quLogicSynthesis\quLogicSynthesis\Debug\link.6536.read.1.tlog
C:\src\quLogicSynthesis\quLogicSynthesis\Debug\link.6536.write.1.tlog
C:\src\quLogicSynthesis\quLogicSynthesis\Debug\link.6536-cvtres.read.1.tlog
C:\src\quLogicSynthesis\quLogicSynthesis\Debug\link.6536-cvtres.write.1.tlog
C:\src\quLogicSynthesis\quLogicSynthesis\Debug\link.7456.read.1.tlog
C:\src\quLogicSynthesis\quLogicSynthesis\Debug\link.7456.write.1.tlog
C:\src\quLogicSynthesis\quLogicSynthesis\Debug\link.7456-cvtres.read.1.tlog
C:\src\quLogicSynthesis\quLogicSynthesis\Debug\link.7456-cvtres.write.1.tlog
C:\src\quLogicSynthesis\quLogicSynthesis\Debug\link.command.1.tlog
C:\src\quLogicSynthesis\quLogicSynthesis\Debug\link.read.1.tlog
C:\src\quLogicSynthesis\quLogicSynthesis\Debug\link.write.1.tlog
C:\src\quLogicSynthesis\quLogicSynthesis\Debug\metagen.read.1.tlog
C:\src\quLogicSynthesis\quLogicSynthesis\Debug\metagen.write.1.tlog
C:\src\quLogicSynthesis\quLogicSynthesis\Debug\mt.command.1.tlog
C:\src\quLogicSynthesis\quLogicSynthesis\Debug\mt.read.1.tlog
C:\src\quLogicSynthesis\quLogicSynthesis\Debug\mt.write.1.tlog
C:\SRC\QULOGICSYNTHESIS\QULOGICSYNTHESIS\DEBUG\QULOGICSYNTHESIS.EXE.INTERMEDIATE.MANIFEST
C:\src\quLogicSynthesis\quLogicSynthesis\Debug\quLogicSynthesis.obj
C:\SRC\QULOGICSYNTHESIS\QULOGICSYNTHESIS\DEBUG\QULOGICSYNTHESIS.PCH
C:\src\quLogicSynthesis\quLogicSynthesis\Debug\quLogicSynthesis.write.1.tlog
C:\src\quLogicSynthesis\quLogicSynthesis\Debug\rc.command.1.tlog
C:\src\quLogicSynthesis\quLogicSynthesis\Debug\rc.read.1.tlog
C:\src\quLogicSynthesis\quLogicSynthesis\Debug\rc.write.1.tlog
C:\src\quLogicSynthesis\quLogicSynthesis\Debug\RSAENH.DLL.bi
C:\SRC\QULOGICSYNTHESIS\QULOGICSYNTHESIS\DEBUG\STDAFX.OBJ
C:\src\quLogicSynthesis\quLogicSynthesis\Debug\TZRES.DLL.bi
C:\SRC\QULOGICSYNTHESIS\QULOGICSYNTHESIS\DEBUG\VC100.PDB
